0 verbose cli C:\Program Files\nodejs\node.exe C:\Program Files\nodejs\node_modules\npm\bin\npm-cli.js
1 info using npm@9.5.0
2 info using node@v18.14.2
3 timing npm:load:whichnode Completed in 6ms
4 timing config:load:defaults Completed in 3ms
5 timing config:load:file:C:\Program Files\nodejs\node_modules\npm\npmrc Completed in 12ms
6 timing config:load:builtin Completed in 13ms
7 timing config:load:cli Completed in 6ms
8 timing config:load:env Completed in 2ms
9 timing config:load:project Completed in 3ms
10 timing config:load:file:C:\Users\ADMIN\.npmrc Completed in 6ms
11 timing config:load:user Completed in 6ms
12 timing config:load:file:C:\Users\ADMIN\AppData\Roaming\npm\etc\npmrc Completed in 2ms
13 timing config:load:global Completed in 3ms
14 timing config:load:setEnvs Completed in 2ms
15 timing config:load Completed in 39ms
16 timing npm:load:configload Completed in 40ms
17 timing npm:load:mkdirpcache Completed in 1ms
18 timing npm:load:mkdirplogs Completed in 1ms
19 verbose title npm prefix
20 verbose argv "prefix" "--global"
21 timing npm:load:setTitle Completed in 4ms
22 timing config:load:flatten Completed in 9ms
23 timing npm:load:display Completed in 12ms
24 verbose logfile logs-max:10 dir:C:\web_server\apache-2.4.56\htdocs\opportunity\_logs\2023-06-22T11_19_51_391Z-
25 verbose logfile C:\web_server\apache-2.4.56\htdocs\opportunity\_logs\2023-06-22T11_19_51_391Z-debug-0.log
26 timing npm:load:logFile Completed in 39ms
27 timing npm:load:timers Completed in 0ms
28 timing npm:load:configScope Completed in 0ms
29 timing npm:load Completed in 105ms
30 timing command:prefix Completed in 4ms
31 verbose exit 0
32 timing npm Completed in 153ms
33 info ok
